<?xml version="1.0" encoding="UTF-8"?>
<testng-results skipped="0" failed="0" ignored="0" total="1" passed="1">
  <reporter-output>
  </reporter-output>
  <suite name="BrewBroker Suite" duration-ms="50428" started-at="2018-12-19T09:42:20Z" finished-at="2018-12-19T09:43:10Z">
    <groups>
    </groups>
    <test name="VerifyLoginBuyer" duration-ms="50428" started-at="2018-12-19T09:42:20Z" finished-at="2018-12-19T09:43:10Z">
      <class name="com.TestCases.VerifyLoginBuyer">
        <test-method status="PASS" signature="buyerSignin()[pri:0, instance:com.TestCases.VerifyLoginBuyer@5e025e70]" name="buyerSignin" duration-ms="50394" started-at="2018-12-19T09:42:20Z" finished-at="2018-12-19T09:43:10Z">
          <reporter-output>
          </reporter-output>
        </test-method> <!-- buyerSignin -->
      </class> <!-- com.TestCases.VerifyLoginBuyer -->
    </test> <!-- VerifyLoginBuyer -->
  </suite> <!-- BrewBroker Suite -->
</testng-results>
